Reading pref.tcl

# 2021.2

# vsim -c -voptargs="+acc" tb -do "../testpy/modelsim_framework.do" 
# Start time: 17:08:43 on Nov 14,2021
# ** Note: (vsim-8009) Loading existing optimized design _opt
# //  Questa Sim-64
# //  Version 2021.2 linux_x86_64 Apr 14 2021
# //
# //  Copyright 1991-2021 Mentor Graphics Corporation
# //  All Rights Reserved.
# //
# //  QuestaSim and its associated documentation contain trade
# //  secrets and commercial or financial information that are the property of
# //  Mentor Graphics Corporation and are privileged, confidential,
# //  and exempt from disclosure under the Freedom of Information Act,
# //  5 U.S.C. Section 552. Furthermore, this information
# //  is prohibited from disclosure under the Trade Secrets Act,
# //  18 U.S.C. Section 1905.
# //
# Loading std.standard
# Loading std.textio(body)
# Loading ieee.std_logic_1164(body)
# Loading ieee.std_logic_textio(body)
# Loading std.env(body)
# Loading work.tb(mixed)#1
# Loading work.mips_processor(structure)#1
# Loading ieee.numeric_std(body)
# Loading work.mem(rtl)#1
# Loading work.fetchlogic(structure)#1
# Loading work.pc(structural)#1
# Loading work.mux2t1_n(structural)#1
# Loading work.mux2t1(structure)#1
# Loading work.invg(dataflow)#1
# Loading work.andg2(dataflow)#1
# Loading work.org2(dataflow)#1
# Loading work.dffr_n(structural)#1
# Loading work.dffg(mixed)#1
# Loading work.adderh_n(structural)#1
# Loading work.adderh(structure)#1
# Loading work.xorg2(dataflow)#1
# Loading work.mux2t1_5(structural)#1
# Loading work.control(structural)#1
# Loading work.regfile(structural)#1
# Loading work.decoder5t32(structure)#1
# Loading work.mux32t1(structure)#1
# Loading work.alu(structure)#1
# Loading work.barrelshifter(structural)#1
# Loading work.addersub_n(structure)#1
# Loading work.onescomp(structural)#1
# Loading work.logicunit(structure)#1
# Loading work.andg2_n(structural)#1
# Loading work.org2_n(structural)#1
# Loading work.norg2_n(structural)#1
# Loading work.xorg2_n(structural)#1
# Loading work.mux4t1(structure)#1
# Loading work.mux8t1(structure)#1
# Loading work.bitextension(structural)#1
# do ../testpy/modelsim_framework.do
# ** Warning: NUMERIC_STD.TO_INTEGER: metavalue detected, returning 0
#    Time: 0 ns  Iteration: 0  Instance: /tb/MyMips/DMem
# ** Warning: NUMERIC_STD.TO_INTEGER: metavalue detected, returning 0
#    Time: 0 ns  Iteration: 0  Instance: /tb/MyMips/IMem
# ** Warning: NUMERIC_STD.TO_INTEGER: metavalue detected, returning 0
#    Time: 0 ns  Iteration: 13  Instance: /tb/MyMips/DMem
# ** Note: Data structure takes 50953392 bytes of memory
#          Process time 0.26 seconds
#          stop
#    Time: 460 ns  Iteration: 1  Instance: /tb
# Break in Process P_DUMP_STATE at /home/northern/cpre381/cpre-381-toolflow-fall-2021/src/tb.vhd line 146
# Stopped at /home/northern/cpre381/cpre-381-toolflow-fall-2021/src/tb.vhd line 146
# End time: 17:08:44 on Nov 14,2021, Elapsed time: 0:00:01
# Errors: 0, Warnings: 3
